<?xml version="1.0" encoding="UTF-8"?>
<robot generator="Robot 6.0.2 (Python 3.11.3 on win32)" generated="20230613 18:41:55.375" rpa="false" schemaversion="3">
<suite id="s1" name="MarinhaTestes" source="C:\Users\Adm\Documents\Projetos\Robot\Web\Prototipos\marinha_automation\tests\MarinhaTestes.robot">
<test id="s1-t1" name="Caso de teste: validar itens pagina Codigo de Etica" line="30">
<kw name="Abrir navegador" library="Resource" type="SETUP">
<kw name="Open Browser" library="SeleniumLibrary">
<arg>about:blank</arg>
<arg>${BROWSER}</arg>
<doc>Opens a new browser instance to the optional ``url``.</doc>
<msg timestamp="20230613 18:41:55.622" level="INFO">Opening browser 'chrome' to base url 'about:blank'.</msg>
<status status="PASS" starttime="20230613 18:41:55.622" endtime="20230613 18:41:56.775"/>
</kw>
<kw name="Maximize Browser Window" library="SeleniumLibrary">
<doc>Maximizes current browser window.</doc>
<status status="PASS" starttime="20230613 18:41:56.775" endtime="20230613 18:41:56.897"/>
</kw>
<status status="PASS" starttime="20230613 18:41:55.621" endtime="20230613 18:41:56.897"/>
</kw>
<kw name="Acessar a página home do site" library="Home">
<kw name="Go To" library="SeleniumLibrary">
<arg>${HOME_URL}</arg>
<doc>Navigates the current browser window to the provided ``url``.</doc>
<msg timestamp="20230613 18:41:56.898" level="INFO">Opening url 'https://www.marinha.mil.br/ipqm/'</msg>
<status status="PASS" starttime="20230613 18:41:56.898" endtime="20230613 18:41:58.131"/>
</kw>
<status status="PASS" starttime="20230613 18:41:56.898" endtime="20230613 18:41:58.132"/>
</kw>
<kw name="Home.Acessar item Codigo de Etica sidebar menu" library="Home">
<kw name="Element Text Should Be" library="SeleniumLibrary">
<arg>${SIDEBAR_MENU_ITEM_CODIGO_DE_ETICA}</arg>
<arg>Código de Ética</arg>
<doc>Verifies that element ``locator`` contains exact the text ``expected``.</doc>
<msg timestamp="20230613 18:41:58.134" level="INFO">Verifying element 'xpath=(//a[@href='https://www.marinha.mil.br/ipqm/sites/www.marinha.mil.br.ipqm/files/arquivos/codigo_etica.pdf'][contains(.,'Código de Ética')])[1]' contains exact text 'Código de Ética'.</msg>
<status status="PASS" starttime="20230613 18:41:58.132" endtime="20230613 18:41:58.169"/>
</kw>
<kw name="Click Element" library="SeleniumLibrary">
<arg>${SIDEBAR_MENU_ITEM_CODIGO_DE_ETICA}</arg>
<doc>Click the element identified by ``locator``.</doc>
<msg timestamp="20230613 18:41:58.169" level="INFO">Clicking element 'xpath=(//a[@href='https://www.marinha.mil.br/ipqm/sites/www.marinha.mil.br.ipqm/files/arquivos/codigo_etica.pdf'][contains(.,'Código de Ética')])[1]'.</msg>
<status status="PASS" starttime="20230613 18:41:58.169" endtime="20230613 18:41:58.252"/>
</kw>
<status status="PASS" starttime="20230613 18:41:58.132" endtime="20230613 18:41:58.252"/>
</kw>
<kw name="Validar espera icone da pagina do arquivo de Codigo de Etica" library="CodigodeEtica">
<kw name="Sleep" library="BuiltIn">
<arg>15s</arg>
<doc>Pauses the test executed for the given time.</doc>
<msg timestamp="20230613 18:42:13.269" level="INFO">Slept 15 seconds</msg>
<status status="PASS" starttime="20230613 18:41:58.252" endtime="20230613 18:42:13.269"/>
</kw>
<kw name="Click Element" library="SeleniumLibrary">
<arg>${ICONE_DOWNLOAD_CODIGO_DE_ETICA}</arg>
<doc>Click the element identified by ``locator``.</doc>
<msg timestamp="20230613 18:42:13.270" level="INFO">Clicking element 'id=download'.</msg>
<msg timestamp="20230613 18:42:13.441" level="INFO" html="true">&lt;/td&gt;&lt;/tr&gt;&lt;tr&gt;&lt;td colspan="3"&gt;&lt;a href="selenium-screenshot-5.png"&gt;&lt;img src="selenium-screenshot-5.png" width="800px"&gt;&lt;/a&gt;</msg>
<msg timestamp="20230613 18:42:13.441" level="FAIL">Element with locator 'id=download' not found.</msg>
<status status="FAIL" starttime="20230613 18:42:13.269" endtime="20230613 18:42:13.443"/>
</kw>
<status status="FAIL" starttime="20230613 18:41:58.252" endtime="20230613 18:42:13.444"/>
</kw>
<kw name="Fechar navegador" library="Resource" type="TEARDOWN">
<kw name="Close Browser" library="SeleniumLibrary">
<doc>Closes the current browser.</doc>
<status status="PASS" starttime="20230613 18:42:13.444" endtime="20230613 18:42:15.673"/>
</kw>
<status status="PASS" starttime="20230613 18:42:13.444" endtime="20230613 18:42:15.674"/>
</kw>
<status status="FAIL" starttime="20230613 18:41:55.621" endtime="20230613 18:42:15.675">Element with locator 'id=download' not found.</status>
</test>
<status status="FAIL" starttime="20230613 18:41:55.377" endtime="20230613 18:42:15.675"/>
</suite>
<statistics>
<total>
<stat pass="0" fail="1" skip="0">All Tests</stat>
</total>
<tag>
</tag>
<suite>
<stat pass="0" fail="1" skip="0" id="s1" name="MarinhaTestes">MarinhaTestes</stat>
</suite>
</statistics>
<errors>
</errors>
</robot>
